Alert_name                                                                                                                       Operator_name                                                                                                                   
-------------------------------------------------------------------------------------------------------------------------------- --------------------------------------------------------------------------------------------------------------------------------
NULL                                                                                                                             CI_Apps_Services                                                                                                                
NULL                                                                                                                             CI_Data_and_Analytics                                                                                                           
NULL                                                                                                                             CI_OPS                                                                                                                          
AG: Role Change                                                                                                                  DBA                                                                                                                             
Database: Restore Success                                                                                                        DBA                                                                                                                             
Error Number 823                                                                                                                 DBA                                                                                                                             
Error Number 824                                                                                                                 DBA                                                                                                                             
Error Number 825                                                                                                                 DBA                                                                                                                             
Severity 016                                                                                                                     DBA                                                                                                                             
Severity 017                                                                                                                     DBA                                                                                                                             
Severity 018                                                                                                                     DBA                                                                                                                             
Severity 019                                                                                                                     DBA                                                                                                                             
Severity 020                                                                                                                     DBA                                                                                                                             
Severity 021                                                                                                                     DBA                                                                                                                             
Severity 022                                                                                                                     DBA                                                                                                                             
Severity 023                                                                                                                     DBA                                                                                                                             
Severity 024                                                                                                                     DBA                                                                                                                             
Severity 025                                                                                                                     DBA                                                                                                                             

(18 rows affected)
